<?xml version="1.0" encoding="UTF-8"?>
<coverage generated="1749747501835" clover="3.2.0">
  <project timestamp="1749747501835" name="All files">
    <metrics statements="101" coveredstatements="81" conditionals="57" coveredconditionals="41" methods="27" coveredmethods="20" elements="185" coveredelements="142" complexity="0" loc="101" ncloc="101" packages="1" files="4" classes="4"/>
    <file name="board.js" path="E:\edu-ai-challenge-2025\task7\src\board.js">
      <metrics statements="52" coveredstatements="40" conditionals="28" coveredconditionals="22" methods="12" coveredmethods="9"/>
      <line num="8" count="4" type="stmt"/>
      <line num="11" count="40" type="stmt"/>
      <line num="13" count="4" type="stmt"/>
      <line num="20" count="35" type="cond" truecount="4" falsecount="0"/>
      <line num="28" count="13" type="stmt"/>
      <line num="29" count="13" type="stmt"/>
      <line num="30" count="39" type="cond" truecount="2" falsecount="0"/>
      <line num="31" count="39" type="cond" truecount="2" falsecount="0"/>
      <line num="32" count="39" type="stmt"/>
      <line num="34" count="13" type="stmt"/>
      <line num="42" count="13" type="stmt"/>
      <line num="43" count="35" type="stmt"/>
      <line num="44" count="35" type="stmt"/>
      <line num="45" count="35" type="cond" truecount="2" falsecount="0"/>
      <line num="55" count="11" type="stmt"/>
      <line num="58" count="11" type="stmt"/>
      <line num="59" count="13" type="cond" truecount="2" falsecount="0"/>
      <line num="60" count="13" type="cond" truecount="2" falsecount="0"/>
      <line num="63" count="13" type="cond" truecount="2" falsecount="0"/>
      <line num="67" count="13" type="stmt"/>
      <line num="68" count="13" type="cond" truecount="2" falsecount="0"/>
      <line num="69" count="11" type="stmt"/>
      <line num="70" count="11" type="stmt"/>
      <line num="71" count="11" type="stmt"/>
      <line num="73" count="11" type="stmt"/>
      <line num="74" count="33" type="stmt"/>
      <line num="75" count="33" type="stmt"/>
      <line num="76" count="33" type="stmt"/>
      <line num="80" count="11" type="stmt"/>
      <line num="89" count="2" type="stmt"/>
      <line num="90" count="2" type="stmt"/>
      <line num="92" count="2" type="stmt"/>
      <line num="93" count="2" type="cond" truecount="2" falsecount="0"/>
      <line num="94" count="1" type="stmt"/>
      <line num="95" count="1" type="stmt"/>
      <line num="96" count="1" type="stmt"/>
      <line num="100" count="2" type="stmt"/>
      <line num="101" count="2" type="stmt"/>
      <line num="102" count="2" type="cond" truecount="2" falsecount="0"/>
      <line num="103" count="2" type="stmt"/>
      <line num="110" count="0" type="stmt"/>
      <line num="117" count="0" type="stmt"/>
      <line num="118" count="0" type="stmt"/>
      <line num="119" count="0" type="stmt"/>
      <line num="121" count="0" type="stmt"/>
      <line num="122" count="0" type="stmt"/>
      <line num="123" count="0" type="stmt"/>
      <line num="124" count="0" type="stmt"/>
      <line num="125" count="0" type="cond" truecount="0" falsecount="4"/>
      <line num="126" count="0" type="stmt"/>
      <line num="128" count="0" type="stmt"/>
      <line num="130" count="0" type="stmt"/>
    </file>
    <file name="cpuPlayer.js" path="E:\edu-ai-challenge-2025\task7\src\cpuPlayer.js">
      <metrics statements="30" coveredstatements="24" conditionals="22" coveredconditionals="15" methods="6" coveredmethods="5"/>
      <line num="5" count="2" type="stmt"/>
      <line num="6" count="2" type="stmt"/>
      <line num="7" count="2" type="stmt"/>
      <line num="15" count="50" type="stmt"/>
      <line num="17" count="50" type="stmt"/>
      <line num="18" count="67" type="stmt"/>
      <line num="19" count="67" type="stmt"/>
      <line num="20" count="67" type="stmt"/>
      <line num="22" count="50" type="stmt"/>
      <line num="30" count="0" type="stmt"/>
      <line num="31" count="0" type="stmt"/>
      <line num="32" count="0" type="cond" truecount="0" falsecount="2"/>
      <line num="35" count="0" type="stmt"/>
      <line num="36" count="0" type="stmt"/>
      <line num="44" count="50" type="cond" truecount="2" falsecount="2"/>
      <line num="45" count="0" type="stmt"/>
      <line num="47" count="50" type="stmt"/>
      <line num="56" count="2" type="cond" truecount="1" falsecount="1"/>
      <line num="57" count="2" type="cond" truecount="2" falsecount="0"/>
      <line num="58" count="1" type="stmt"/>
      <line num="59" count="1" type="stmt"/>
      <line num="62" count="1" type="stmt"/>
      <line num="63" count="1" type="stmt"/>
      <line num="64" count="1" type="stmt"/>
      <line num="70" count="1" type="stmt"/>
      <line num="71" count="4" type="stmt"/>
      <line num="72" count="4" type="stmt"/>
      <line num="73" count="4" type="cond" truecount="6" falsecount="1"/>
      <line num="74" count="4" type="cond" truecount="1" falsecount="1"/>
      <line num="77" count="1" type="stmt"/>
    </file>
    <file name="player.js" path="E:\edu-ai-challenge-2025\task7\src\player.js">
      <metrics statements="10" coveredstatements="8" conditionals="2" coveredconditionals="0" methods="5" coveredmethods="2"/>
      <line num="5" count="2" type="stmt"/>
      <line num="6" count="2" type="stmt"/>
      <line num="7" count="2" type="stmt"/>
      <line num="8" count="2" type="stmt"/>
      <line num="9" count="2" type="stmt"/>
      <line num="17" count="2" type="stmt"/>
      <line num="18" count="2" type="stmt"/>
      <line num="19" count="6" type="stmt"/>
      <line num="29" count="0" type="stmt"/>
      <line num="33" count="0" type="stmt"/>
    </file>
    <file name="ship.js" path="E:\edu-ai-challenge-2025\task7\src\ship.js">
      <metrics statements="9" coveredstatements="9" conditionals="5" coveredconditionals="4" methods="4" coveredmethods="4"/>
      <line num="8" count="13" type="stmt"/>
      <line num="10" count="13" type="stmt"/>
      <line num="11" count="13" type="stmt"/>
      <line num="20" count="6" type="stmt"/>
      <line num="21" count="6" type="cond" truecount="4" falsecount="0"/>
      <line num="22" count="4" type="stmt"/>
      <line num="23" count="4" type="stmt"/>
      <line num="25" count="2" type="stmt"/>
      <line num="33" count="4" type="stmt"/>
    </file>
  </project>
</coverage>
