{"E:\\edu-ai-challenge-2025\\task7\\src\\board.js": {"path":"E:\\edu-ai-challenge-2025\\task7\\src\\board.js","statementMap":{"0":{"start":{"line":1,"column":13},"end":{"line":1,"column":30}},"1":{"start":{"line":8,"column":4},"end":{"line":8,"column":21}},"2":{"start":{"line":11,"column":4},"end":{"line":11,"column":74}},"3":{"start":{"line":11,"column":51},"end":{"line":11,"column":72}},"4":{"start":{"line":13,"column":4},"end":{"line":13,"column":20}},"5":{"start":{"line":20,"column":4},"end":{"line":20,"column":70}},"6":{"start":{"line":28,"column":19},"end":{"line":28,"column":21}},"7":{"start":{"line":29,"column":4},"end":{"line":33,"column":5}},"8":{"start":{"line":29,"column":17},"end":{"line":29,"column":18}},"9":{"start":{"line":30,"column":16},"end":{"line":30,"column":60}},"10":{"start":{"line":31,"column":16},"end":{"line":31,"column":60}},"11":{"start":{"line":32,"column":6},"end":{"line":32,"column":30}},"12":{"start":{"line":34,"column":4},"end":{"line":34,"column":18}},"13":{"start":{"line":42,"column":4},"end":{"line":46,"column":7}},"14":{"start":{"line":43,"column":16},"end":{"line":43,"column":34}},"15":{"start":{"line":44,"column":16},"end":{"line":44,"column":34}},"16":{"start":{"line":45,"column":6},"end":{"line":45,"column":62}},"17":{"start":{"line":55,"column":17},"end":{"line":55,"column":22}},"18":{"start":{"line":58,"column":4},"end":{"line":79,"column":5}},"19":{"start":{"line":59,"column":26},"end":{"line":59,"column":73}},"20":{"start":{"line":60,"column":23},"end":{"line":62,"column":62}},"21":{"start":{"line":63,"column":23},"end":{"line":65,"column":47}},"22":{"start":{"line":67,"column":21},"end":{"line":67,"column":86}},"23":{"start":{"line":68,"column":6},"end":{"line":78,"column":7}},"24":{"start":{"line":69,"column":8},"end":{"line":69,"column":22}},"25":{"start":{"line":70,"column":8},"end":{"line":70,"column":43}},"26":{"start":{"line":71,"column":8},"end":{"line":71,"column":33}},"27":{"start":{"line":73,"column":8},"end":{"line":77,"column":11}},"28":{"start":{"line":74,"column":20},"end":{"line":74,"column":38}},"29":{"start":{"line":75,"column":20},"end":{"line":75,"column":38}},"30":{"start":{"line":76,"column":10},"end":{"line":76,"column":32}},"31":{"start":{"line":80,"column":4},"end":{"line":80,"column":19}},"32":{"start":{"line":89,"column":14},"end":{"line":89,"column":19}},"33":{"start":{"line":90,"column":15},"end":{"line":90,"column":20}},"34":{"start":{"line":92,"column":4},"end":{"line":98,"column":5}},"35":{"start":{"line":93,"column":6},"end":{"line":97,"column":7}},"36":{"start":{"line":94,"column":8},"end":{"line":94,"column":19}},"37":{"start":{"line":95,"column":8},"end":{"line":95,"column":29}},"38":{"start":{"line":96,"column":8},"end":{"line":96,"column":14}},"39":{"start":{"line":100,"column":14},"end":{"line":100,"column":32}},"40":{"start":{"line":101,"column":14},"end":{"line":101,"column":32}},"41":{"start":{"line":102,"column":4},"end":{"line":102,"column":38}},"42":{"start":{"line":103,"column":4},"end":{"line":103,"column":25}},"43":{"start":{"line":110,"column":4},"end":{"line":110,"column":45}},"44":{"start":{"line":110,"column":33},"end":{"line":110,"column":43}},"45":{"start":{"line":117,"column":17},"end":{"line":117,"column":21}},"46":{"start":{"line":118,"column":4},"end":{"line":118,"column":58}},"47":{"start":{"line":118,"column":17},"end":{"line":118,"column":18}},"48":{"start":{"line":118,"column":40},"end":{"line":118,"column":58}},"49":{"start":{"line":119,"column":18},"end":{"line":119,"column":26}},"50":{"start":{"line":121,"column":4},"end":{"line":129,"column":5}},"51":{"start":{"line":121,"column":17},"end":{"line":121,"column":18}},"52":{"start":{"line":122,"column":17},"end":{"line":122,"column":24}},"53":{"start":{"line":123,"column":6},"end":{"line":127,"column":7}},"54":{"start":{"line":123,"column":19},"end":{"line":123,"column":20}},"55":{"start":{"line":124,"column":19},"end":{"line":124,"column":34}},"56":{"start":{"line":125,"column":8},"end":{"line":125,"column":50}},"57":{"start":{"line":125,"column":39},"end":{"line":125,"column":50}},"58":{"start":{"line":126,"column":8},"end":{"line":126,"column":27}},"59":{"start":{"line":128,"column":6},"end":{"line":128,"column":23}},"60":{"start":{"line":130,"column":4},"end":{"line":130,"column":28}},"61":{"start":{"line":134,"column":0},"end":{"line":134,"column":23}}},"fnMap":{"0":{"name":"(anonymous_0)","decl":{"start":{"line":7,"column":2},"end":{"line":7,"column":3}},"loc":{"start":{"line":7,"column":25},"end":{"line":14,"column":3}},"line":7},"1":{"name":"(anonymous_1)","decl":{"start":{"line":11,"column":45},"end":{"line":11,"column":46}},"loc":{"start":{"line":11,"column":51},"end":{"line":11,"column":72}},"line":11},"2":{"name":"(anonymous_2)","decl":{"start":{"line":19,"column":2},"end":{"line":19,"column":3}},"loc":{"start":{"line":19,"column":23},"end":{"line":21,"column":3}},"line":19},"3":{"name":"(anonymous_3)","decl":{"start":{"line":27,"column":2},"end":{"line":27,"column":3}},"loc":{"start":{"line":27,"column":53},"end":{"line":35,"column":3}},"line":27},"4":{"name":"(anonymous_4)","decl":{"start":{"line":41,"column":2},"end":{"line":41,"column":3}},"loc":{"start":{"line":41,"column":20},"end":{"line":47,"column":3}},"line":41},"5":{"name":"(anonymous_5)","decl":{"start":{"line":42,"column":24},"end":{"line":42,"column":25}},"loc":{"start":{"line":42,"column":33},"end":{"line":46,"column":5}},"line":42},"6":{"name":"(anonymous_6)","decl":{"start":{"line":54,"column":2},"end":{"line":54,"column":3}},"loc":{"start":{"line":54,"column":28},"end":{"line":81,"column":3}},"line":54},"7":{"name":"(anonymous_7)","decl":{"start":{"line":73,"column":23},"end":{"line":73,"column":24}},"loc":{"start":{"line":73,"column":32},"end":{"line":77,"column":9}},"line":73},"8":{"name":"(anonymous_8)","decl":{"start":{"line":88,"column":2},"end":{"line":88,"column":3}},"loc":{"start":{"line":88,"column":23},"end":{"line":104,"column":3}},"line":88},"9":{"name":"(anonymous_9)","decl":{"start":{"line":109,"column":2},"end":{"line":109,"column":3}},"loc":{"start":{"line":109,"column":17},"end":{"line":111,"column":3}},"line":109},"10":{"name":"(anonymous_10)","decl":{"start":{"line":110,"column":28},"end":{"line":110,"column":29}},"loc":{"start":{"line":110,"column":33},"end":{"line":110,"column":43}},"line":110},"11":{"name":"(anonymous_11)","decl":{"start":{"line":116,"column":2},"end":{"line":116,"column":3}},"loc":{"start":{"line":116,"column":30},"end":{"line":131,"column":3}},"line":116}},"branchMap":{"0":{"loc":{"start":{"line":7,"column":14},"end":{"line":7,"column":23}},"type":"default-arg","locations":[{"start":{"line":7,"column":21},"end":{"line":7,"column":23}}],"line":7},"1":{"loc":{"start":{"line":20,"column":11},"end":{"line":20,"column":69}},"type":"binary-expr","locations":[{"start":{"line":20,"column":11},"end":{"line":20,"column":19}},{"start":{"line":20,"column":23},"end":{"line":20,"column":38}},{"start":{"line":20,"column":42},"end":{"line":20,"column":50}},{"start":{"line":20,"column":54},"end":{"line":20,"column":69}}],"line":20},"2":{"loc":{"start":{"line":30,"column":16},"end":{"line":30,"column":60}},"type":"cond-expr","locations":[{"start":{"line":30,"column":47},"end":{"line":30,"column":50}},{"start":{"line":30,"column":53},"end":{"line":30,"column":60}}],"line":30},"3":{"loc":{"start":{"line":31,"column":16},"end":{"line":31,"column":60}},"type":"cond-expr","locations":[{"start":{"line":31,"column":47},"end":{"line":31,"column":54}},{"start":{"line":31,"column":57},"end":{"line":31,"column":60}}],"line":31},"4":{"loc":{"start":{"line":45,"column":13},"end":{"line":45,"column":61}},"type":"binary-expr","locations":[{"start":{"line":45,"column":13},"end":{"line":45,"column":34}},{"start":{"line":45,"column":38},"end":{"line":45,"column":61}}],"line":45},"5":{"loc":{"start":{"line":59,"column":26},"end":{"line":59,"column":73}},"type":"cond-expr","locations":[{"start":{"line":59,"column":48},"end":{"line":59,"column":60}},{"start":{"line":59,"column":63},"end":{"line":59,"column":73}}],"line":59},"6":{"loc":{"start":{"line":60,"column":23},"end":{"line":62,"column":62}},"type":"cond-expr","locations":[{"start":{"line":61,"column":10},"end":{"line":61,"column":47}},{"start":{"line":62,"column":10},"end":{"line":62,"column":62}}],"line":60},"7":{"loc":{"start":{"line":63,"column":23},"end":{"line":65,"column":47}},"type":"cond-expr","locations":[{"start":{"line":64,"column":10},"end":{"line":64,"column":62}},{"start":{"line":65,"column":10},"end":{"line":65,"column":47}}],"line":63},"8":{"loc":{"start":{"line":68,"column":6},"end":{"line":78,"column":7}},"type":"if","locations":[{"start":{"line":68,"column":6},"end":{"line":78,"column":7}},{"start":{},"end":{}}],"line":68},"9":{"loc":{"start":{"line":93,"column":6},"end":{"line":97,"column":7}},"type":"if","locations":[{"start":{"line":93,"column":6},"end":{"line":97,"column":7}},{"start":{},"end":{}}],"line":93},"10":{"loc":{"start":{"line":102,"column":22},"end":{"line":102,"column":37}},"type":"cond-expr","locations":[{"start":{"line":102,"column":28},"end":{"line":102,"column":31}},{"start":{"line":102,"column":34},"end":{"line":102,"column":37}}],"line":102},"11":{"loc":{"start":{"line":116,"column":11},"end":{"line":116,"column":28}},"type":"default-arg","locations":[{"start":{"line":116,"column":23},"end":{"line":116,"column":28}}],"line":116},"12":{"loc":{"start":{"line":125,"column":8},"end":{"line":125,"column":50}},"type":"if","locations":[{"start":{"line":125,"column":8},"end":{"line":125,"column":50}},{"start":{},"end":{}}],"line":125},"13":{"loc":{"start":{"line":125,"column":12},"end":{"line":125,"column":37}},"type":"binary-expr","locations":[{"start":{"line":125,"column":12},"end":{"line":125,"column":21}},{"start":{"line":125,"column":25},"end":{"line":125,"column":37}}],"line":125}},"s":{"0":2,"1":4,"2":4,"3":40,"4":4,"5":43,"6":16,"7":16,"8":16,"9":48,"10":48,"11":48,"12":16,"13":16,"14":43,"15":43,"16":43,"17":11,"18":11,"19":16,"20":16,"21":16,"22":16,"23":16,"24":11,"25":11,"26":11,"27":11,"28":33,"29":33,"30":33,"31":11,"32":2,"33":2,"34":2,"35":2,"36":1,"37":1,"38":1,"39":2,"40":2,"41":2,"42":2,"43":0,"44":0,"45":0,"46":0,"47":0,"48":0,"49":0,"50":0,"51":0,"52":0,"53":0,"54":0,"55":0,"56":0,"57":0,"58":0,"59":0,"60":0,"61":2},"f":{"0":4,"1":40,"2":43,"3":16,"4":16,"5":43,"6":11,"7":33,"8":2,"9":0,"10":0,"11":0},"b":{"0":[0],"1":[43,43,43,43],"2":[24,24],"3":[24,24],"4":[43,43],"5":[8,8],"6":[8,8],"7":[8,8],"8":[11,5],"9":[1,1],"10":[1,1],"11":[0],"12":[0,0],"13":[0,0]},"_coverageSchema":"1a1c01bbd47fc00a2c39e90264f33305004495a9","hash":"f3b1bb26965d6f9367b0c2a00c87ebbf120871ed"}
,"E:\\edu-ai-challenge-2025\\task7\\src\\cpuPlayer.js": {"path":"E:\\edu-ai-challenge-2025\\task7\\src\\cpuPlayer.js","statementMap":{"0":{"start":{"line":1,"column":15},"end":{"line":1,"column":34}},"1":{"start":{"line":5,"column":4},"end":{"line":5,"column":39}},"2":{"start":{"line":6,"column":4},"end":{"line":6,"column":23}},"3":{"start":{"line":7,"column":4},"end":{"line":7,"column":26}},"4":{"start":{"line":15,"column":17},"end":{"line":15,"column":32}},"5":{"start":{"line":17,"column":4},"end":{"line":21,"column":38}},"6":{"start":{"line":18,"column":16},"end":{"line":18,"column":48}},"7":{"start":{"line":19,"column":16},"end":{"line":19,"column":48}},"8":{"start":{"line":20,"column":6},"end":{"line":20,"column":25}},"9":{"start":{"line":22,"column":4},"end":{"line":22,"column":17}},"10":{"start":{"line":30,"column":4},"end":{"line":33,"column":5}},"11":{"start":{"line":31,"column":20},"end":{"line":31,"column":44}},"12":{"start":{"line":32,"column":6},"end":{"line":32,"column":49}},"13":{"start":{"line":32,"column":36},"end":{"line":32,"column":49}},"14":{"start":{"line":35,"column":4},"end":{"line":35,"column":23}},"15":{"start":{"line":36,"column":4},"end":{"line":36,"column":24}},"16":{"start":{"line":44,"column":4},"end":{"line":46,"column":5}},"17":{"start":{"line":45,"column":6},"end":{"line":45,"column":28}},"18":{"start":{"line":47,"column":4},"end":{"line":47,"column":24}},"19":{"start":{"line":56,"column":4},"end":{"line":79,"column":5}},"20":{"start":{"line":57,"column":6},"end":{"line":78,"column":7}},"21":{"start":{"line":58,"column":8},"end":{"line":58,"column":27}},"22":{"start":{"line":59,"column":8},"end":{"line":59,"column":30}},"23":{"start":{"line":62,"column":20},"end":{"line":62,"column":38}},"24":{"start":{"line":63,"column":20},"end":{"line":63,"column":38}},"25":{"start":{"line":64,"column":25},"end":{"line":69,"column":9}},"26":{"start":{"line":70,"column":8},"end":{"line":76,"column":11}},"27":{"start":{"line":71,"column":27},"end":{"line":71,"column":30}},"28":{"start":{"line":72,"column":27},"end":{"line":72,"column":37}},"29":{"start":{"line":73,"column":10},"end":{"line":75,"column":11}},"30":{"start":{"line":74,"column":12},"end":{"line":74,"column":86}},"31":{"start":{"line":74,"column":54},"end":{"line":74,"column":86}},"32":{"start":{"line":77,"column":8},"end":{"line":77,"column":29}},"33":{"start":{"line":83,"column":0},"end":{"line":83,"column":27}}},"fnMap":{"0":{"name":"(anonymous_0)","decl":{"start":{"line":4,"column":2},"end":{"line":4,"column":3}},"loc":{"start":{"line":4,"column":94},"end":{"line":8,"column":3}},"line":4},"1":{"name":"(anonymous_1)","decl":{"start":{"line":14,"column":2},"end":{"line":14,"column":3}},"loc":{"start":{"line":14,"column":10},"end":{"line":23,"column":3}},"line":14},"2":{"name":"(anonymous_2)","decl":{"start":{"line":29,"column":2},"end":{"line":29,"column":3}},"loc":{"start":{"line":29,"column":12},"end":{"line":37,"column":3}},"line":29},"3":{"name":"(anonymous_3)","decl":{"start":{"line":43,"column":2},"end":{"line":43,"column":3}},"loc":{"start":{"line":43,"column":27},"end":{"line":48,"column":3}},"line":43},"4":{"name":"(anonymous_4)","decl":{"start":{"line":55,"column":2},"end":{"line":55,"column":3}},"loc":{"start":{"line":55,"column":36},"end":{"line":80,"column":3}},"line":55},"5":{"name":"(anonymous_5)","decl":{"start":{"line":70,"column":25},"end":{"line":70,"column":26}},"loc":{"start":{"line":70,"column":32},"end":{"line":76,"column":9}},"line":70}},"branchMap":{"0":{"loc":{"start":{"line":4,"column":14},"end":{"line":4,"column":26}},"type":"default-arg","locations":[{"start":{"line":4,"column":21},"end":{"line":4,"column":26}}],"line":4},"1":{"loc":{"start":{"line":4,"column":28},"end":{"line":4,"column":42}},"type":"default-arg","locations":[{"start":{"line":4,"column":40},"end":{"line":4,"column":42}}],"line":4},"2":{"loc":{"start":{"line":4,"column":44},"end":{"line":4,"column":92}},"type":"default-arg","locations":[{"start":{"line":4,"column":57},"end":{"line":4,"column":92}}],"line":4},"3":{"loc":{"start":{"line":32,"column":6},"end":{"line":32,"column":49}},"type":"if","locations":[{"start":{"line":32,"column":6},"end":{"line":32,"column":49}},{"start":{},"end":{}}],"line":32},"4":{"loc":{"start":{"line":44,"column":4},"end":{"line":46,"column":5}},"type":"if","locations":[{"start":{"line":44,"column":4},"end":{"line":46,"column":5}},{"start":{},"end":{}}],"line":44},"5":{"loc":{"start":{"line":44,"column":8},"end":{"line":44,"column":61}},"type":"binary-expr","locations":[{"start":{"line":44,"column":8},"end":{"line":44,"column":30}},{"start":{"line":44,"column":34},"end":{"line":44,"column":61}}],"line":44},"6":{"loc":{"start":{"line":56,"column":4},"end":{"line":79,"column":5}},"type":"if","locations":[{"start":{"line":56,"column":4},"end":{"line":79,"column":5}},{"start":{},"end":{}}],"line":56},"7":{"loc":{"start":{"line":57,"column":6},"end":{"line":78,"column":7}},"type":"if","locations":[{"start":{"line":57,"column":6},"end":{"line":78,"column":7}},{"start":{"line":60,"column":13},"end":{"line":78,"column":7}}],"line":57},"8":{"loc":{"start":{"line":73,"column":10},"end":{"line":75,"column":11}},"type":"if","locations":[{"start":{"line":73,"column":10},"end":{"line":75,"column":11}},{"start":{},"end":{}}],"line":73},"9":{"loc":{"start":{"line":73,"column":14},"end":{"line":73,"column":107}},"type":"binary-expr","locations":[{"start":{"line":73,"column":14},"end":{"line":73,"column":20}},{"start":{"line":73,"column":24},"end":{"line":73,"column":43}},{"start":{"line":73,"column":47},"end":{"line":73,"column":53}},{"start":{"line":73,"column":57},"end":{"line":73,"column":76}},{"start":{"line":73,"column":80},"end":{"line":73,"column":107}}],"line":73},"10":{"loc":{"start":{"line":74,"column":12},"end":{"line":74,"column":86}},"type":"if","locations":[{"start":{"line":74,"column":12},"end":{"line":74,"column":86}},{"start":{},"end":{}}],"line":74}},"s":{"0":1,"1":2,"2":2,"3":2,"4":50,"5":50,"6":73,"7":73,"8":73,"9":50,"10":0,"11":0,"12":0,"13":0,"14":0,"15":0,"16":50,"17":0,"18":50,"19":2,"20":2,"21":1,"22":1,"23":1,"24":1,"25":1,"26":1,"27":4,"28":4,"29":4,"30":4,"31":4,"32":1,"33":1},"f":{"0":2,"1":50,"2":0,"3":50,"4":2,"5":4},"b":{"0":[2],"1":[2],"2":[2],"3":[0,0],"4":[0,50],"5":[50,0],"6":[2,0],"7":[1,1],"8":[4,0],"9":[4,4,4,4,4],"10":[4,0]},"_coverageSchema":"1a1c01bbd47fc00a2c39e90264f33305004495a9","hash":"7cd50b68cf01e904c78fa52123670ae4d9574626"}
,"E:\\edu-ai-challenge-2025\\task7\\src\\player.js": {"path":"E:\\edu-ai-challenge-2025\\task7\\src\\player.js","statementMap":{"0":{"start":{"line":1,"column":14},"end":{"line":1,"column":32}},"1":{"start":{"line":5,"column":4},"end":{"line":5,"column":21}},"2":{"start":{"line":6,"column":4},"end":{"line":6,"column":38}},"3":{"start":{"line":7,"column":4},"end":{"line":7,"column":29}},"4":{"start":{"line":8,"column":4},"end":{"line":8,"column":33}},"5":{"start":{"line":9,"column":4},"end":{"line":9,"column":23}},"6":{"start":{"line":17,"column":42},"end":{"line":17,"column":57}},"7":{"start":{"line":18,"column":4},"end":{"line":20,"column":5}},"8":{"start":{"line":18,"column":17},"end":{"line":18,"column":18}},"9":{"start":{"line":19,"column":6},"end":{"line":19,"column":47}},"10":{"start":{"line":29,"column":4},"end":{"line":29,"column":43}},"11":{"start":{"line":33,"column":4},"end":{"line":33,"column":60}},"12":{"start":{"line":33,"column":40},"end":{"line":33,"column":51}},"13":{"start":{"line":37,"column":0},"end":{"line":37,"column":24}}},"fnMap":{"0":{"name":"(anonymous_0)","decl":{"start":{"line":4,"column":2},"end":{"line":4,"column":3}},"loc":{"start":{"line":4,"column":86},"end":{"line":10,"column":3}},"line":4},"1":{"name":"(anonymous_1)","decl":{"start":{"line":16,"column":2},"end":{"line":16,"column":3}},"loc":{"start":{"line":16,"column":16},"end":{"line":21,"column":3}},"line":16},"2":{"name":"(anonymous_2)","decl":{"start":{"line":28,"column":2},"end":{"line":28,"column":3}},"loc":{"start":{"line":28,"column":23},"end":{"line":30,"column":3}},"line":28},"3":{"name":"(anonymous_3)","decl":{"start":{"line":32,"column":2},"end":{"line":32,"column":3}},"loc":{"start":{"line":32,"column":19},"end":{"line":34,"column":3}},"line":32},"4":{"name":"(anonymous_4)","decl":{"start":{"line":33,"column":35},"end":{"line":33,"column":36}},"loc":{"start":{"line":33,"column":40},"end":{"line":33,"column":51}},"line":33}},"branchMap":{"0":{"loc":{"start":{"line":4,"column":20},"end":{"line":4,"column":34}},"type":"default-arg","locations":[{"start":{"line":4,"column":32},"end":{"line":4,"column":34}}],"line":4},"1":{"loc":{"start":{"line":4,"column":36},"end":{"line":4,"column":84}},"type":"default-arg","locations":[{"start":{"line":4,"column":49},"end":{"line":4,"column":84}}],"line":4}},"s":{"0":1,"1":2,"2":2,"3":2,"4":2,"5":2,"6":2,"7":2,"8":2,"9":6,"10":0,"11":0,"12":0,"13":1},"f":{"0":2,"1":2,"2":0,"3":0,"4":0},"b":{"0":[0],"1":[0]},"_coverageSchema":"1a1c01bbd47fc00a2c39e90264f33305004495a9","hash":"56b647c8293e1b15a6300457fbea448c347f4699"}
,"E:\\edu-ai-challenge-2025\\task7\\src\\ship.js": {"path":"E:\\edu-ai-challenge-2025\\task7\\src\\ship.js","statementMap":{"0":{"start":{"line":8,"column":4},"end":{"line":8,"column":25}},"1":{"start":{"line":10,"column":4},"end":{"line":10,"column":31}},"2":{"start":{"line":11,"column":4},"end":{"line":11,"column":39}},"3":{"start":{"line":20,"column":16},"end":{"line":20,"column":50}},"4":{"start":{"line":21,"column":4},"end":{"line":24,"column":5}},"5":{"start":{"line":22,"column":6},"end":{"line":22,"column":29}},"6":{"start":{"line":23,"column":6},"end":{"line":23,"column":18}},"7":{"start":{"line":25,"column":4},"end":{"line":25,"column":17}},"8":{"start":{"line":33,"column":4},"end":{"line":33,"column":45}},"9":{"start":{"line":33,"column":32},"end":{"line":33,"column":43}},"10":{"start":{"line":37,"column":0},"end":{"line":37,"column":22}}},"fnMap":{"0":{"name":"(anonymous_0)","decl":{"start":{"line":7,"column":2},"end":{"line":7,"column":3}},"loc":{"start":{"line":7,"column":38},"end":{"line":12,"column":3}},"line":7},"1":{"name":"(anonymous_1)","decl":{"start":{"line":19,"column":2},"end":{"line":19,"column":3}},"loc":{"start":{"line":19,"column":26},"end":{"line":26,"column":3}},"line":19},"2":{"name":"(anonymous_2)","decl":{"start":{"line":32,"column":2},"end":{"line":32,"column":3}},"loc":{"start":{"line":32,"column":11},"end":{"line":34,"column":3}},"line":32},"3":{"name":"(anonymous_3)","decl":{"start":{"line":33,"column":27},"end":{"line":33,"column":28}},"loc":{"start":{"line":33,"column":32},"end":{"line":33,"column":43}},"line":33}},"branchMap":{"0":{"loc":{"start":{"line":7,"column":22},"end":{"line":7,"column":36}},"type":"default-arg","locations":[{"start":{"line":7,"column":34},"end":{"line":7,"column":36}}],"line":7},"1":{"loc":{"start":{"line":21,"column":4},"end":{"line":24,"column":5}},"type":"if","locations":[{"start":{"line":21,"column":4},"end":{"line":24,"column":5}},{"start":{},"end":{}}],"line":21},"2":{"loc":{"start":{"line":21,"column":8},"end":{"line":21,"column":46}},"type":"binary-expr","locations":[{"start":{"line":21,"column":8},"end":{"line":21,"column":18}},{"start":{"line":21,"column":22},"end":{"line":21,"column":46}}],"line":21}},"s":{"0":13,"1":13,"2":13,"3":6,"4":6,"5":4,"6":4,"7":2,"8":2,"9":4,"10":3},"f":{"0":13,"1":6,"2":2,"3":4},"b":{"0":[0],"1":[4,2],"2":[6,5]},"_coverageSchema":"1a1c01bbd47fc00a2c39e90264f33305004495a9","hash":"e1436fbaa09cf0a4b78f63274e6404d428d1d2ba"}
}
