TN:
SF:src\board.js
FN:7,(anonymous_0)
FN:11,(anonymous_1)
FN:19,(anonymous_2)
FN:27,(anonymous_3)
FN:41,(anonymous_4)
FN:42,(anonymous_5)
FN:54,(anonymous_6)
FN:73,(anonymous_7)
FN:88,(anonymous_8)
FN:109,(anonymous_9)
FN:110,(anonymous_10)
FN:116,(anonymous_11)
FNF:12
FNH:9
FNDA:4,(anonymous_0)
FNDA:40,(anonymous_1)
FNDA:43,(anonymous_2)
FNDA:16,(anonymous_3)
FNDA:16,(anonymous_4)
FNDA:43,(anonymous_5)
FNDA:11,(anonymous_6)
FNDA:33,(anonymous_7)
FNDA:2,(anonymous_8)
FNDA:0,(anonymous_9)
FNDA:0,(anonymous_10)
FNDA:0,(anonymous_11)
DA:1,2
DA:8,4
DA:11,40
DA:13,4
DA:20,43
DA:28,16
DA:29,16
DA:30,48
DA:31,48
DA:32,48
DA:34,16
DA:42,16
DA:43,43
DA:44,43
DA:45,43
DA:55,11
DA:58,11
DA:59,16
DA:60,16
DA:63,16
DA:67,16
DA:68,16
DA:69,11
DA:70,11
DA:71,11
DA:73,11
DA:74,33
DA:75,33
DA:76,33
DA:80,11
DA:89,2
DA:90,2
DA:92,2
DA:93,2
DA:94,1
DA:95,1
DA:96,1
DA:100,2
DA:101,2
DA:102,2
DA:103,2
DA:110,0
DA:117,0
DA:118,0
DA:119,0
DA:121,0
DA:122,0
DA:123,0
DA:124,0
DA:125,0
DA:126,0
DA:128,0
DA:130,0
DA:134,2
LF:54
LH:42
BRDA:7,0,0,0
BRDA:20,1,0,43
BRDA:20,1,1,43
BRDA:20,1,2,43
BRDA:20,1,3,43
BRDA:30,2,0,24
BRDA:30,2,1,24
BRDA:31,3,0,24
BRDA:31,3,1,24
BRDA:45,4,0,43
BRDA:45,4,1,43
BRDA:59,5,0,8
BRDA:59,5,1,8
BRDA:60,6,0,8
BRDA:60,6,1,8
BRDA:63,7,0,8
BRDA:63,7,1,8
BRDA:68,8,0,11
BRDA:68,8,1,5
BRDA:93,9,0,1
BRDA:93,9,1,1
BRDA:102,10,0,1
BRDA:102,10,1,1
BRDA:116,11,0,0
BRDA:125,12,0,0
BRDA:125,12,1,0
BRDA:125,13,0,0
BRDA:125,13,1,0
BRF:28
BRH:22
end_of_record
TN:
SF:src\cpuPlayer.js
FN:4,(anonymous_0)
FN:14,(anonymous_1)
FN:29,(anonymous_2)
FN:43,(anonymous_3)
FN:55,(anonymous_4)
FN:70,(anonymous_5)
FNF:6
FNH:5
FNDA:2,(anonymous_0)
FNDA:50,(anonymous_1)
FNDA:0,(anonymous_2)
FNDA:50,(anonymous_3)
FNDA:2,(anonymous_4)
FNDA:4,(anonymous_5)
DA:1,1
DA:5,2
DA:6,2
DA:7,2
DA:15,50
DA:17,50
DA:18,73
DA:19,73
DA:20,73
DA:22,50
DA:30,0
DA:31,0
DA:32,0
DA:35,0
DA:36,0
DA:44,50
DA:45,0
DA:47,50
DA:56,2
DA:57,2
DA:58,1
DA:59,1
DA:62,1
DA:63,1
DA:64,1
DA:70,1
DA:71,4
DA:72,4
DA:73,4
DA:74,4
DA:77,1
DA:83,1
LF:32
LH:26
BRDA:4,0,0,2
BRDA:4,1,0,2
BRDA:4,2,0,2
BRDA:32,3,0,0
BRDA:32,3,1,0
BRDA:44,4,0,0
BRDA:44,4,1,50
BRDA:44,5,0,50
BRDA:44,5,1,0
BRDA:56,6,0,2
BRDA:56,6,1,0
BRDA:57,7,0,1
BRDA:57,7,1,1
BRDA:73,8,0,4
BRDA:73,8,1,0
BRDA:73,9,0,4
BRDA:73,9,1,4
BRDA:73,9,2,4
BRDA:73,9,3,4
BRDA:73,9,4,4
BRDA:74,10,0,4
BRDA:74,10,1,0
BRF:22
BRH:15
end_of_record
TN:
SF:src\player.js
FN:4,(anonymous_0)
FN:16,(anonymous_1)
FN:28,(anonymous_2)
FN:32,(anonymous_3)
FN:33,(anonymous_4)
FNF:5
FNH:2
FNDA:2,(anonymous_0)
FNDA:2,(anonymous_1)
FNDA:0,(anonymous_2)
FNDA:0,(anonymous_3)
FNDA:0,(anonymous_4)
DA:1,1
DA:5,2
DA:6,2
DA:7,2
DA:8,2
DA:9,2
DA:17,2
DA:18,2
DA:19,6
DA:29,0
DA:33,0
DA:37,1
LF:12
LH:10
BRDA:4,0,0,0
BRDA:4,1,0,0
BRF:2
BRH:0
end_of_record
TN:
SF:src\ship.js
FN:7,(anonymous_0)
FN:19,(anonymous_1)
FN:32,(anonymous_2)
FN:33,(anonymous_3)
FNF:4
FNH:4
FNDA:13,(anonymous_0)
FNDA:6,(anonymous_1)
FNDA:2,(anonymous_2)
FNDA:4,(anonymous_3)
DA:8,13
DA:10,13
DA:11,13
DA:20,6
DA:21,6
DA:22,4
DA:23,4
DA:25,2
DA:33,4
DA:37,3
LF:10
LH:10
BRDA:7,0,0,0
BRDA:21,1,0,4
BRDA:21,1,1,2
BRDA:21,2,0,6
BRDA:21,2,1,5
BRF:5
BRH:4
end_of_record
