Test Coverage Report – Jest
===========================

 PASS  ./validators.test.js
 PASS  ./validation.test.js

Test Suites: 2 passed, 2 total
Tests:       25 passed, 25 total
Snapshots:   0 total

Coverage Summary
----------------
-----------|---------|----------|---------|---------|-------------------------------------------------------
File       | % Stmts | % Branch | % Funcs | % Lines | Uncovered Line #s                                      |
-----------|---------|----------|---------|---------|-------------------------------------------------------|
All files  |   83.82 |    81.81 |   96.87 |   85.15 |                                                       |
 schema.js |   83.82 |    81.81 |   96.87 |   85.15 | 48,90,127-128,148-149,179-181,226-228,265-266,318-354 |
-----------|---------|----------|---------|---------|-------------------------------------------------------|

